{"/home/michel-chamarez/Documentos/Developer/Challenge-NestJs-Angular/back-end/src/products/products.controller.ts": {"path":"/home/michel-chamarez/Documentos/Developer/Challenge-NestJs-Angular/back-end/src/products/products.controller.ts","statementMap":{"0":{"start":{"line":1,"column":0},"end":{"line":1,"column":null}},"1":{"start":{"line":10,"column":0},"end":{"line":10,"column":60}},"2":{"start":{"line":13,"column":0},"end":{"line":13,"column":60}},"3":{"start":{"line":14,"column":0},"end":{"line":14,"column":53}},"4":{"start":{"line":18,"column":0},"end":{"line":60,"column":null}},"5":{"start":{"line":19,"column":31},"end":{"line":19,"column":48}},"6":{"start":{"line":23,"column":4},"end":{"line":23,"column":48}},"7":{"start":{"line":30,"column":4},"end":{"line":30,"column":50}},"8":{"start":{"line":35,"column":4},"end":{"line":35,"column":56}},"9":{"start":{"line":40,"column":4},"end":{"line":40,"column":42}},"10":{"start":{"line":45,"column":4},"end":{"line":45,"column":44}},"11":{"start":{"line":50,"column":4},"end":{"line":50,"column":43}},"12":{"start":{"line":58,"column":4},"end":{"line":58,"column":61}},"13":{"start":{"line":22,"column":2},"end":{"line":24,"column":null}},"14":{"start":{"line":27,"column":2},"end":{"line":31,"column":null}},"15":{"start":{"line":34,"column":2},"end":{"line":36,"column":null}},"16":{"start":{"line":39,"column":2},"end":{"line":41,"column":null}},"17":{"start":{"line":44,"column":2},"end":{"line":46,"column":null}},"18":{"start":{"line":49,"column":2},"end":{"line":51,"column":null}},"19":{"start":{"line":54,"column":2},"end":{"line":59,"column":null}},"20":{"start":{"line":18,"column":13},"end":{"line":60,"column":null}},"21":{"start":{"line":18,"column":13},"end":{"line":18,"column":31}}},"fnMap":{"0":{"name":"(anonymous_4)","decl":{"start":{"line":19,"column":2},"end":{"line":19,"column":31}},"loc":{"start":{"line":19,"column":63},"end":{"line":19,"column":67}}},"1":{"name":"(anonymous_5)","decl":{"start":{"line":22,"column":2},"end":{"line":22,"column":7}},"loc":{"start":{"line":22,"column":21},"end":{"line":24,"column":3}}},"2":{"name":"(anonymous_6)","decl":{"start":{"line":27,"column":2},"end":{"line":27,"column":7}},"loc":{"start":{"line":28,"column":27},"end":{"line":31,"column":3}}},"3":{"name":"(anonymous_7)","decl":{"start":{"line":34,"column":2},"end":{"line":34,"column":7}},"loc":{"start":{"line":34,"column":57},"end":{"line":36,"column":3}}},"4":{"name":"(anonymous_8)","decl":{"start":{"line":39,"column":2},"end":{"line":39,"column":7}},"loc":{"start":{"line":39,"column":15},"end":{"line":41,"column":3}}},"5":{"name":"(anonymous_9)","decl":{"start":{"line":44,"column":2},"end":{"line":44,"column":7}},"loc":{"start":{"line":44,"column":39},"end":{"line":46,"column":3}}},"6":{"name":"(anonymous_10)","decl":{"start":{"line":49,"column":2},"end":{"line":49,"column":7}},"loc":{"start":{"line":49,"column":38},"end":{"line":51,"column":3}}},"7":{"name":"(anonymous_11)","decl":{"start":{"line":54,"column":2},"end":{"line":54,"column":7}},"loc":{"start":{"line":56,"column":46},"end":{"line":59,"column":3}}}},"branchMap":{},"s":{"0":2,"1":2,"2":2,"3":2,"4":2,"5":17,"6":1,"7":1,"8":1,"9":1,"10":1,"11":1,"12":1,"13":2,"14":2,"15":2,"16":2,"17":2,"18":2,"19":2,"20":2,"21":2},"f":{"0":17,"1":1,"2":1,"3":1,"4":1,"5":1,"6":1,"7":1},"b":{}}
,"/home/michel-chamarez/Documentos/Developer/Challenge-NestJs-Angular/back-end/src/products/products.service.ts": {"path":"/home/michel-chamarez/Documentos/Developer/Challenge-NestJs-Angular/back-end/src/products/products.service.ts","statementMap":{"0":{"start":{"line":1,"column":0},"end":{"line":1,"column":71}},"1":{"start":{"line":2,"column":0},"end":{"line":2,"column":47}},"2":{"start":{"line":3,"column":0},"end":{"line":3,"column":33}},"3":{"start":{"line":12,"column":0},"end":{"line":95,"column":null}},"4":{"start":{"line":15,"column":21},"end":{"line":15,"column":35}},"5":{"start":{"line":17,"column":21},"end":{"line":17,"column":33}},"6":{"start":{"line":21,"column":4},"end":{"line":21,"column":6}},"7":{"start":{"line":22,"column":29},"end":{"line":22,"column":77}},"8":{"start":{"line":23,"column":4},"end":{"line":23,"column":28}},"9":{"start":{"line":27,"column":4},"end":{"line":27,"column":43}},"10":{"start":{"line":31,"column":4},"end":{"line":31,"column":57}},"11":{"start":{"line":35,"column":27},"end":{"line":37,"column":13}},"12":{"start":{"line":38,"column":4},"end":{"line":38,"column":28}},"13":{"start":{"line":45,"column":4},"end":{"line":50,"column":null}},"14":{"start":{"line":46,"column":6},"end":{"line":49,"column":8}},"15":{"start":{"line":51,"column":21},"end":{"line":54,"column":null}},"16":{"start":{"line":57,"column":4},"end":{"line":57,"column":22}},"17":{"start":{"line":61,"column":24},"end":{"line":61,"column":61}},"18":{"start":{"line":62,"column":4},"end":{"line":62,"column":77}},"19":{"start":{"line":62,"column":46},"end":{"line":62,"column":74}},"20":{"start":{"line":64,"column":28},"end":{"line":64,"column":73}},"21":{"start":{"line":64,"column":53},"end":{"line":64,"column":72}},"22":{"start":{"line":66,"column":20},"end":{"line":66,"column":70}},"23":{"start":{"line":67,"column":4},"end":{"line":70,"column":6}},"24":{"start":{"line":74,"column":26},"end":{"line":76,"column":6}},"25":{"start":{"line":77,"column":24},"end":{"line":81,"column":6}},"26":{"start":{"line":82,"column":20},"end":{"line":82,"column":22}},"27":{"start":{"line":83,"column":4},"end":{"line":89,"column":null}},"28":{"start":{"line":83,"column":17},"end":{"line":83,"column":18}},"29":{"start":{"line":84,"column":6},"end":{"line":88,"column":null}},"30":{"start":{"line":84,"column":19},"end":{"line":84,"column":20}},"31":{"start":{"line":85,"column":8},"end":{"line":87,"column":null}},"32":{"start":{"line":86,"column":10},"end":{"line":86,"column":39}},"33":{"start":{"line":90,"column":4},"end":{"line":90,"column":19}},"34":{"start":{"line":12,"column":13},"end":{"line":95,"column":null}},"35":{"start":{"line":12,"column":13},"end":{"line":12,"column":28}}},"fnMap":{"0":{"name":"(anonymous_4)","decl":{"start":{"line":13,"column":2},"end":{"line":13,"column":null}},"loc":{"start":{"line":17,"column":45},"end":{"line":18,"column":6}}},"1":{"name":"(anonymous_5)","decl":{"start":{"line":20,"column":2},"end":{"line":20,"column":7}},"loc":{"start":{"line":20,"column":49},"end":{"line":24,"column":3}}},"2":{"name":"(anonymous_6)","decl":{"start":{"line":26,"column":2},"end":{"line":26,"column":7}},"loc":{"start":{"line":26,"column":15},"end":{"line":28,"column":3}}},"3":{"name":"(anonymous_7)","decl":{"start":{"line":30,"column":2},"end":{"line":30,"column":7}},"loc":{"start":{"line":30,"column":26},"end":{"line":32,"column":3}}},"4":{"name":"(anonymous_8)","decl":{"start":{"line":34,"column":2},"end":{"line":34,"column":7}},"loc":{"start":{"line":34,"column":25},"end":{"line":39,"column":3}}},"5":{"name":"(anonymous_9)","decl":{"start":{"line":41,"column":2},"end":{"line":41,"column":7}},"loc":{"start":{"line":43,"column":38},"end":{"line":58,"column":3}}},"6":{"name":"(anonymous_10)","decl":{"start":{"line":60,"column":2},"end":{"line":60,"column":7}},"loc":{"start":{"line":60,"column":21},"end":{"line":71,"column":3}}},"7":{"name":"(anonymous_11)","decl":{"start":{"line":62,"column":39},"end":{"line":62,"column":42}},"loc":{"start":{"line":62,"column":46},"end":{"line":62,"column":74}}},"8":{"name":"(anonymous_12)","decl":{"start":{"line":64,"column":46},"end":{"line":64,"column":47}},"loc":{"start":{"line":64,"column":53},"end":{"line":64,"column":72}}},"9":{"name":"(anonymous_13)","decl":{"start":{"line":73,"column":2},"end":{"line":73,"column":7}},"loc":{"start":{"line":73,"column":37},"end":{"line":91,"column":3}}}},"branchMap":{"0":{"loc":{"start":{"line":45,"column":4},"end":{"line":50,"column":null}},"type":"if","locations":[{"start":{"line":45,"column":4},"end":{"line":50,"column":null}}]},"1":{"loc":{"start":{"line":62,"column":46},"end":{"line":62,"column":74}},"type":"cond-expr","locations":[{"start":{"line":62,"column":68},"end":{"line":62,"column":69}},{"start":{"line":62,"column":72},"end":{"line":62,"column":74}}]},"2":{"loc":{"start":{"line":85,"column":8},"end":{"line":87,"column":null}},"type":"if","locations":[{"start":{"line":85,"column":8},"end":{"line":87,"column":null}}]}},"s":{"0":2,"1":2,"2":2,"3":2,"4":9,"5":9,"6":1,"7":1,"8":1,"9":1,"10":1,"11":1,"12":1,"13":2,"14":1,"15":1,"16":1,"17":1,"18":1,"19":1,"20":1,"21":2,"22":1,"23":1,"24":1,"25":1,"26":1,"27":1,"28":1,"29":2,"30":2,"31":4,"32":2,"33":1,"34":2,"35":2},"f":{"0":9,"1":1,"2":1,"3":1,"4":1,"5":2,"6":1,"7":1,"8":2,"9":1},"b":{"0":[1],"1":[1,0],"2":[2]}}
,"/home/michel-chamarez/Documentos/Developer/Challenge-NestJs-Angular/back-end/src/products/dto/create.product.dto.ts": {"path":"/home/michel-chamarez/Documentos/Developer/Challenge-NestJs-Angular/back-end/src/products/dto/create.product.dto.ts","statementMap":{"0":{"start":{"line":1,"column":0},"end":{"line":1,"column":null}},"1":{"start":{"line":12,"column":2},"end":{"line":12,"column":null}},"2":{"start":{"line":15,"column":2},"end":{"line":15,"column":null}},"3":{"start":{"line":19,"column":2},"end":{"line":19,"column":null}},"4":{"start":{"line":23,"column":2},"end":{"line":23,"column":null}},"5":{"start":{"line":27,"column":2},"end":{"line":27,"column":null}},"6":{"start":{"line":31,"column":2},"end":{"line":31,"column":null}},"7":{"start":{"line":9,"column":0},"end":{"line":9,"column":13}}},"fnMap":{},"branchMap":{},"s":{"0":2,"1":2,"2":2,"3":2,"4":2,"5":2,"6":2,"7":2},"f":{},"b":{}}
,"/home/michel-chamarez/Documentos/Developer/Challenge-NestJs-Angular/back-end/src/products/dto/update.product.dto.ts": {"path":"/home/michel-chamarez/Documentos/Developer/Challenge-NestJs-Angular/back-end/src/products/dto/update.product.dto.ts","statementMap":{"0":{"start":{"line":1,"column":0},"end":{"line":1,"column":77}},"1":{"start":{"line":6,"column":2},"end":{"line":6,"column":null}},"2":{"start":{"line":9,"column":2},"end":{"line":9,"column":null}},"3":{"start":{"line":13,"column":2},"end":{"line":13,"column":null}},"4":{"start":{"line":17,"column":2},"end":{"line":17,"column":null}},"5":{"start":{"line":21,"column":2},"end":{"line":21,"column":null}},"6":{"start":{"line":25,"column":2},"end":{"line":25,"column":null}},"7":{"start":{"line":3,"column":0},"end":{"line":3,"column":13}}},"fnMap":{},"branchMap":{},"s":{"0":2,"1":2,"2":2,"3":2,"4":2,"5":2,"6":2,"7":2},"f":{},"b":{}}
,"/home/michel-chamarez/Documentos/Developer/Challenge-NestJs-Angular/back-end/src/products/schemas/index.schema.ts": {"path":"/home/michel-chamarez/Documentos/Developer/Challenge-NestJs-Angular/back-end/src/products/schemas/index.schema.ts","statementMap":{"0":{"start":{"line":1,"column":0},"end":{"line":1,"column":63}},"1":{"start":{"line":7,"column":0},"end":{"line":10,"column":null}},"2":{"start":{"line":9,"column":2},"end":{"line":9,"column":null}},"3":{"start":{"line":7,"column":13},"end":{"line":10,"column":null}},"4":{"start":{"line":7,"column":13},"end":{"line":7,"column":18}},"5":{"start":{"line":12,"column":13},"end":{"line":12,"column":63}}},"fnMap":{},"branchMap":{},"s":{"0":1,"1":1,"2":1,"3":1,"4":1,"5":1},"f":{},"b":{}}
,"/home/michel-chamarez/Documentos/Developer/Challenge-NestJs-Angular/back-end/src/products/schemas/product.schema.ts": {"path":"/home/michel-chamarez/Documentos/Developer/Challenge-NestJs-Angular/back-end/src/products/schemas/product.schema.ts","statementMap":{"0":{"start":{"line":1,"column":0},"end":{"line":1,"column":63}},"1":{"start":{"line":7,"column":0},"end":{"line":25,"column":null}},"2":{"start":{"line":9,"column":2},"end":{"line":9,"column":null}},"3":{"start":{"line":12,"column":2},"end":{"line":12,"column":null}},"4":{"start":{"line":15,"column":2},"end":{"line":15,"column":null}},"5":{"start":{"line":18,"column":2},"end":{"line":18,"column":null}},"6":{"start":{"line":21,"column":2},"end":{"line":21,"column":null}},"7":{"start":{"line":24,"column":2},"end":{"line":24,"column":null}},"8":{"start":{"line":7,"column":13},"end":{"line":25,"column":null}},"9":{"start":{"line":7,"column":13},"end":{"line":7,"column":20}},"10":{"start":{"line":27,"column":13},"end":{"line":27,"column":68}}},"fnMap":{},"branchMap":{},"s":{"0":1,"1":1,"2":1,"3":1,"4":1,"5":1,"6":1,"7":1,"8":1,"9":1,"10":1},"f":{},"b":{}}
}
