TN:
SF:src/products/products.controller.ts
FN:17,(anonymous_4)
FN:20,(anonymous_5)
FN:25,(anonymous_6)
FN:30,(anonymous_7)
FN:35,(anonymous_8)
FN:40,(anonymous_9)
FNF:6
FNH:6
FNDA:13,(anonymous_4)
FNDA:1,(anonymous_5)
FNDA:1,(anonymous_6)
FNDA:1,(anonymous_7)
FNDA:1,(anonymous_8)
FNDA:1,(anonymous_9)
DA:1,2
DA:10,2
DA:11,2
DA:12,2
DA:16,2
DA:17,13
DA:20,2
DA:21,1
DA:25,2
DA:26,1
DA:30,2
DA:31,1
DA:35,2
DA:36,1
DA:40,2
DA:44,1
LF:16
LH:16
BRF:0
BRH:0
end_of_record
TN:
SF:src/products/products.service.ts
FN:11,(anonymous_4)
FN:16,(anonymous_5)
FN:22,(anonymous_6)
FN:26,(anonymous_7)
FN:30,(anonymous_8)
FN:37,(anonymous_9)
FNF:6
FNH:6
FNDA:7,(anonymous_4)
FNDA:1,(anonymous_5)
FNDA:1,(anonymous_6)
FNDA:1,(anonymous_7)
FNDA:1,(anonymous_8)
FNDA:2,(anonymous_9)
DA:1,2
DA:2,2
DA:3,2
DA:10,2
DA:13,7
DA:17,1
DA:18,1
DA:19,1
DA:23,1
DA:27,1
DA:31,1
DA:34,1
DA:41,2
DA:42,1
DA:47,1
DA:53,1
LF:16
LH:16
BRDA:41,0,0,1
BRF:1
BRH:1
end_of_record
TN:
SF:src/products/dto/create.product.dto.ts
FNF:0
FNH:0
DA:1,2
DA:9,2
DA:12,2
DA:15,2
DA:19,2
DA:23,2
DA:27,2
DA:31,2
LF:8
LH:8
BRF:0
BRH:0
end_of_record
TN:
SF:src/products/dto/update.product.dto.ts
FNF:0
FNH:0
DA:1,2
DA:3,2
DA:6,2
DA:9,2
DA:13,2
DA:17,2
DA:21,2
DA:25,2
LF:8
LH:8
BRF:0
BRH:0
end_of_record
TN:
SF:src/products/schemas/product.schema.ts
FNF:0
FNH:0
DA:1,1
DA:7,1
DA:9,1
DA:12,1
DA:15,1
DA:18,1
DA:21,1
DA:24,1
DA:27,1
LF:9
LH:9
BRF:0
BRH:0
end_of_record
