TN:
SF:src/products/products.controller.ts
FN:19,(anonymous_4)
FN:22,(anonymous_5)
FN:27,(anonymous_6)
FN:34,(anonymous_7)
FN:39,(anonymous_8)
FN:44,(anonymous_9)
FN:49,(anonymous_10)
FN:54,(anonymous_11)
FNF:8
FNH:8
FNDA:17,(anonymous_4)
FNDA:1,(anonymous_5)
FNDA:1,(anonymous_6)
FNDA:1,(anonymous_7)
FNDA:1,(anonymous_8)
FNDA:1,(anonymous_9)
FNDA:1,(anonymous_10)
FNDA:1,(anonymous_11)
DA:1,2
DA:10,2
DA:13,2
DA:14,2
DA:18,2
DA:19,17
DA:22,2
DA:23,1
DA:27,2
DA:30,1
DA:34,2
DA:35,1
DA:39,2
DA:40,1
DA:44,2
DA:45,1
DA:49,2
DA:50,1
DA:54,2
DA:58,1
LF:20
LH:20
BRF:0
BRH:0
end_of_record
TN:
SF:src/products/products.service.ts
FN:13,(anonymous_4)
FN:20,(anonymous_5)
FN:26,(anonymous_6)
FN:30,(anonymous_7)
FN:34,(anonymous_8)
FN:41,(anonymous_9)
FN:60,(anonymous_10)
FN:62,(anonymous_11)
FN:64,(anonymous_12)
FN:73,(anonymous_13)
FNF:10
FNH:10
FNDA:9,(anonymous_4)
FNDA:1,(anonymous_5)
FNDA:1,(anonymous_6)
FNDA:1,(anonymous_7)
FNDA:1,(anonymous_8)
FNDA:2,(anonymous_9)
FNDA:1,(anonymous_10)
FNDA:1,(anonymous_11)
FNDA:2,(anonymous_12)
FNDA:1,(anonymous_13)
DA:1,2
DA:2,2
DA:3,2
DA:12,2
DA:15,9
DA:17,9
DA:21,1
DA:22,1
DA:23,1
DA:27,1
DA:31,1
DA:35,1
DA:38,1
DA:45,2
DA:46,1
DA:51,1
DA:57,1
DA:61,1
DA:62,1
DA:64,2
DA:66,1
DA:67,1
DA:74,1
DA:77,1
DA:82,1
DA:83,1
DA:84,2
DA:85,4
DA:86,2
DA:90,1
LF:30
LH:30
BRDA:45,0,0,1
BRDA:62,1,0,1
BRDA:62,1,1,0
BRDA:85,2,0,2
BRF:4
BRH:3
end_of_record
TN:
SF:src/products/dto/create.product.dto.ts
FNF:0
FNH:0
DA:1,2
DA:9,2
DA:12,2
DA:15,2
DA:19,2
DA:23,2
DA:27,2
DA:31,2
LF:8
LH:8
BRF:0
BRH:0
end_of_record
TN:
SF:src/products/dto/update.product.dto.ts
FNF:0
FNH:0
DA:1,2
DA:3,2
DA:6,2
DA:9,2
DA:13,2
DA:17,2
DA:21,2
DA:25,2
LF:8
LH:8
BRF:0
BRH:0
end_of_record
TN:
SF:src/products/schemas/index.schema.ts
FNF:0
FNH:0
DA:1,1
DA:7,1
DA:9,1
DA:12,1
LF:4
LH:4
BRF:0
BRH:0
end_of_record
TN:
SF:src/products/schemas/product.schema.ts
FNF:0
FNH:0
DA:1,1
DA:7,1
DA:9,1
DA:12,1
DA:15,1
DA:18,1
DA:21,1
DA:24,1
DA:27,1
LF:9
LH:9
BRF:0
BRH:0
end_of_record
